1676275355117:help
1676275368821:exit
1676276619979:help
1676276631514:open -name testdb
1676276637696:open --name testdb
1676276646802:exit
1676277689976:ep
1676277693838:hl
1676277711732:ep
1676277765734:help
1676277783512:exists testdb
1676277790764:create testdb
1676277800083:create bla
1676277810880:close testdb
1676277821447:open testdb
1676281019942:help
1676281026760:exists testdb
1676281086837:exit
1676293726810:exists testdb
1676293893467:exists mydb
1676298130661:stacktrace
1676300331178:exist bla
1676300345132:exists bla
1676300570568:exit
1676308068263:open mydb
1676308078305:open testdb
1676310009959:close
1676310078875:open testdb
1676310089816:close
1676311340023:open testdb
1676311345307:close
1676311364900:exit
1676323233021:exists testdb
1676323240331:open testdb
1676323274155:command "select from Pope"
1676323382961:open testdb
1676323395862:command "select from Pope"
1676323406869:stacktrace
1676323497281:command "create vertex type City"
1676323811106:open testdb
1676323842035:command "create vertex type City"
1676323872600:stacktrace
1676324071491:open testdb
1676324087528:command "create vertex type City"
1676324101704:stacktrace
1676324170036:command "create vertex type Street"
1676324451160:open testdb
1676324487938:command "create vertex type Vehicle"
1676324518761:command "select from Pope"
1676324615605:open testdb
1676324627538:command "select from Pope"
1676324984655:open testdb
1676324994353:command "select from Pope"
1676325319967:open testdb
1676325329220:command "select from Pope"
1676325534871:open testdb
1676325545150:command "select from Pope"
1676325616715:command "create vertex Pope set name = 'Sixtus IV'"
1676325641854:command "select from Pope"
1676326403980:exists testdb
1676326410179:open testdb
1676326421225:command "select from Pope"
1676326427002:close
1676326522762:exit
