1676388073032:command-test
1676388110940:exit
1676392407293:command-test
1676392421510:exit
1676393679126:command
1676393688470:open testdb
1676393694894:command
1676393747566:open testdb
1676393751732:command
1676393917329:close
1676393923711:command
1676394470084:exit
1676547728517:help
1676547745362:connection
1676547761996:open testdb
1676547769122:close testdb
1676547776970:close
1676556225001:exit
1676558129225:help
1676558158907:open-connection -help
1676558171883:open-connection
1676558193148:help
1676558221887:exists testdb
1676558232134:exists mydb
1676558247611:open testdb
1676558277752:help
1676558593988:exists testdb
1676558609146:exit
1676559340682:open-connection
1676559357734:close-connection
1676559898392:exit
1676559931048:open
1676559943309:exists
1676559947087:help
1676559996588:exit
1676560074737:test
1676560248498:open-connection
1676560271556:exists testdb
1676560283285:close-connection
1676560290990:exists testdb
1676560301406:open-connection
1676560314075:open testdb
1676560913430:exit
1676560953707:open-connection
1676560986758:exists mydb
1676560997474:create mydb
1676561009633:command
1676561036883:stacktrace
1676562017371:exit
1676562055366:open-connection
1676562067587:open mydb
1676562077485:select from Pope
1676562085991:command
1676562127476:exit
